<?xml version="1.0" encoding="UTF-8"?>
<!-- Generated by org.testng.reporters.JUnitReportReporter -->
<testsuite skipped="0" hostname="Jays-MacBook-Air.local" name="testcases.samepleTest" tests="1" failures="0" timestamp="2020-05-05T14:12:57 EDT" time="0.018" errors="0">
  <testcase name="test1" time="0.018" classname="testcases.samepleTest"/>
  <system-out/>
</testsuite> <!-- testcases.samepleTest -->
