<?xml version="1.0" encoding="UTF-8"?>
<!-- Generated by org.testng.reporters.JUnitReportReporter -->
<testsuite skipped="0" hostname="Jays-MacBook-Air.local" name="testcases.dashboardPageTest" tests="4" failures="0" timestamp="2020-05-26T13:17:26 EDT" time="7.813" errors="0">
  <testcase name="getsideMenu" time="0.292" classname="testcases.dashboardPageTest"/>
  <system-out/>
  <testcase name="verifyusername" time="0.161" classname="testcases.dashboardPageTest"/>
  <system-out/>
  <testcase name="varifyCatalog" time="4.269" classname="testcases.dashboardPageTest"/>
  <system-out/>
  <testcase name="getProductPage" time="3.091" classname="testcases.dashboardPageTest"/>
  <system-out/>
</testsuite> <!-- testcases.dashboardPageTest -->
