<?xml version="1.0" encoding="UTF-8"?>
<!-- Generated by org.testng.reporters.JUnitReportReporter -->
<testsuite skipped="0" hostname="Jays-MacBook-Air.local" name="testcases.ManufacturerTest" tests="3" failures="0" timestamp="2020-05-26T13:17:26 EDT" time="6.200" errors="0">
  <testcase name="varifyNewManufacturer" time="4.487" classname="testcases.ManufacturerTest"/>
  <system-out/>
  <testcase name="verifySearch" time="0.250" classname="testcases.ManufacturerTest"/>
  <system-out/>
  <testcase name="verifyValidManufName" time="1.463" classname="testcases.ManufacturerTest"/>
  <system-out/>
</testsuite> <!-- testcases.ManufacturerTest -->
