<?xml version="1.0" encoding="UTF-8"?>
<!-- Generated by org.testng.reporters.JUnitReportReporter -->
<testsuite skipped="0" hostname="Jays-MacBook-Air.local" name="testcases.prodctPageTest" tests="2" failures="0" timestamp="2020-05-28T14:21:01 EDT" time="3.372" errors="0">
  <testcase name="getAddNew" time="3.321" classname="testcases.prodctPageTest"/>
  <system-out/>
  <testcase name="VerifyTitleOfProductPage" time="0.051" classname="testcases.prodctPageTest"/>
  <system-out/>
</testsuite> <!-- testcases.prodctPageTest -->
