<?xml version="1.0" encoding="UTF-8"?>
<!-- Generated by org.testng.reporters.JUnitReportReporter -->
<testsuite skipped="0" hostname="Jays-MacBook-Air.local" name="testcases.ConfigurationTest" tests="3" failures="0" timestamp="2020-05-28T17:46:21 EDT" time="5.889" errors="0">
  <testcase name="verifyValidEmail" time="2.267" classname="testcases.ConfigurationTest"/>
  <system-out/>
  <testcase name="verifyErrorMsg" time="2.331" classname="testcases.ConfigurationTest"/>
  <system-out/>
  <testcase name="verifyDisplayErrorMsg" time="1.291" classname="testcases.ConfigurationTest"/>
  <system-out/>
</testsuite> <!-- testcases.ConfigurationTest -->
